<?xml version="1.0" encoding="UTF-8"?>
<!-- Generated by org.testng.reporters.JUnitReportReporter -->
<testsuite hostname="AdminIT-PC" name="com.testcases.movie_play_dtr" tests="1" failures="0" timestamp="16 Aug 2014 16:47:26 GMT" time="133.936" errors="0">
  <testcase name="content_movie_dtr_play" time="133.936" classname="com.testcases.movie_play_dtr"/>
</testsuite> <!-- com.testcases.movie_play_dtr -->
