<?xml version="1.0" encoding="UTF-8"?>
<!-- Generated by org.testng.reporters.JUnitReportReporter -->
<testsuite hostname="AdminIT-PC" name="com.test.genre_test.genre_test" tests="1" failures="0" timestamp="16 Aug 2014 18:21:55 GMT" time="30.562" errors="0">
  <testcase name="genre" time="30.562" classname="com.test.genre_test.genre_test"/>
</testsuite> <!-- com.test.genre_test.genre_test -->
