<?xml version="1.0" encoding="UTF-8"?>
<!-- Generated by org.testng.reporters.JUnitReportReporter -->
<testsuite hostname="AdminIT-PC" name="com.testcases.myplex_signup_testcase" tests="8" failures="0" timestamp="3 Aug 2014 08:27:28 GMT" time="1246.268" errors="0">
  <testcase name="facebook_login" time="170.370" classname="com.testcases.myplex_signup_testcase"/>
  <testcase name="facebook_login" time="99.622" classname="com.testcases.myplex_signup_testcase"/>
  <testcase name="facebook_login" time="304.723" classname="com.testcases.myplex_signup_testcase"/>
  <testcase name="facebook_login" time="76.693" classname="com.testcases.myplex_signup_testcase"/>
  <testcase name="facebook_login" time="222.498" classname="com.testcases.myplex_signup_testcase"/>
  <testcase name="facebook_login" time="116.926" classname="com.testcases.myplex_signup_testcase"/>
  <testcase name="facebook_login" time="172.031" classname="com.testcases.myplex_signup_testcase"/>
  <testcase name="facebook_login" time="83.405" classname="com.testcases.myplex_signup_testcase"/>
</testsuite> <!-- com.testcases.myplex_signup_testcase -->
