<?xml version="1.0" encoding="UTF-8"?>
<!-- Generated by org.testng.reporters.JUnitReportReporter -->
<testsuite hostname="AdminIT-PC" name="com.testcases.facebook_login_testcases" tests="4" failures="0" timestamp="30 Jul 2014 18:25:22 GMT" time="387.770" errors="0">
  <testcase name="facebook_login" time="95.011" classname="com.testcases.facebook_login_testcases"/>
  <testcase name="facebook_login" time="60.806" classname="com.testcases.facebook_login_testcases"/>
  <testcase name="facebook_login" time="143.797" classname="com.testcases.facebook_login_testcases"/>
  <testcase name="facebook_login" time="88.156" classname="com.testcases.facebook_login_testcases"/>
</testsuite> <!-- com.testcases.facebook_login_testcases -->
