<?xml version="1.0" encoding="UTF-8"?>
<!-- Generated by org.testng.reporters.JUnitReportReporter -->
<testsuite hostname="AdminIT-PC" name="com.test.genre_test.movie_genre_test" tests="1" failures="0" timestamp="17 Aug 2014 04:48:15 GMT" time="55.505" errors="0">
  <testcase name="genre" time="55.505" classname="com.test.genre_test.movie_genre_test"/>
</testsuite> <!-- com.test.genre_test.movie_genre_test -->
