<?xml version="1.0" encoding="UTF-8"?>
<!-- Generated by org.testng.reporters.JUnitReportReporter -->
<testsuite hostname="AdminIT-PC" name="com.test.genre_test.language_selection_test" tests="1" failures="0" timestamp="17 Aug 2014 05:01:45 GMT" time="38.128" errors="0">
  <testcase name="genre" time="38.128" classname="com.test.genre_test.language_selection_test"/>
</testsuite> <!-- com.test.genre_test.language_selection_test -->
