<?xml version="1.0" encoding="UTF-8"?>
<!-- Generated by org.testng.reporters.JUnitReportReporter -->
<testsuite hostname="AdminIT-PC" name="com.test.search.search_testcase" tests="2" failures="0" timestamp="17 Aug 2014 06:32:37 GMT" time="59.672" errors="0">
  <testcase name="search" time="29.197" classname="com.test.search.search_testcase"/>
  <testcase name="search" time="30.475" classname="com.test.search.search_testcase"/>
</testsuite> <!-- com.test.search.search_testcase -->
