<?xml version="1.0" encoding="UTF-8"?>
<!-- Generated by org.testng.reporters.JUnitReportReporter -->
<testsuite hostname="AdminIT-PC" name="com.testcases.google_login_testcases" tests="4" failures="0" timestamp="3 Aug 2014 06:31:40 GMT" time="739.151" errors="0">
  <testcase name="facebook_login" time="244.981" classname="com.testcases.google_login_testcases"/>
  <testcase name="facebook_login" time="226.646" classname="com.testcases.google_login_testcases"/>
  <testcase name="facebook_login" time="156.977" classname="com.testcases.google_login_testcases"/>
  <testcase name="facebook_login" time="110.547" classname="com.testcases.google_login_testcases"/>
</testsuite> <!-- com.testcases.google_login_testcases -->
