<?xml version="1.0" encoding="UTF-8"?>
<!-- Generated by org.testng.reporters.JUnitReportReporter -->
<testsuite hostname="AdminIT-PC" name="com.testcases.favourites_test" tests="2" failures="0" timestamp="4 Aug 2014 04:28:16 GMT" time="437.878" errors="0">
  <testcase name="un_set_favourite" time="238.366" classname="com.testcases.favourites_test"/>
  <testcase name="set_favorite" time="199.512" classname="com.testcases.favourites_test"/>
</testsuite> <!-- com.testcases.favourites_test -->
