<?xml version="1.0" encoding="UTF-8"?>
<!-- Generated by org.testng.reporters.JUnitReportReporter -->
<testsuite hostname="AdminIT-PC" name="com.test.login_flows.myplex_login_flow_testcase" tests="4" failures="0" timestamp="20 Aug 2014 12:30:31 GMT" time="67.972" errors="0">
  <testcase name="login" time="14.167" classname="com.test.login_flows.myplex_login_flow_testcase"/>
  <testcase name="login" time="13.167" classname="com.test.login_flows.myplex_login_flow_testcase"/>
  <testcase name="login" time="13.450" classname="com.test.login_flows.myplex_login_flow_testcase"/>
  <testcase name="login" time="27.188" classname="com.test.login_flows.myplex_login_flow_testcase"/>
</testsuite> <!-- com.test.login_flows.myplex_login_flow_testcase -->
