<?xml version="1.0" encoding="UTF-8"?>
<!-- Generated by org.testng.reporters.JUnitReportReporter -->
<testsuite hostname="AdminIT-PC" name="com.test.login_flows.google_login_testcases" tests="4" failures="0" timestamp="20 Aug 2014 12:30:31 GMT" time="99.361" errors="0">
  <testcase name="facebook_login" time="18.107" classname="com.test.login_flows.google_login_testcases"/>
  <testcase name="facebook_login" time="17.077" classname="com.test.login_flows.google_login_testcases"/>
  <testcase name="facebook_login" time="17.411" classname="com.test.login_flows.google_login_testcases"/>
  <testcase name="facebook_login" time="46.766" classname="com.test.login_flows.google_login_testcases"/>
</testsuite> <!-- com.test.login_flows.google_login_testcases -->
