<?xml version="1.0" encoding="UTF-8"?>
<!-- Generated by org.testng.reporters.JUnitReportReporter -->
<testsuite hostname="AdminIT-PC" name="com.utils.resuable_functions" tests="1" failures="0" timestamp="3 Aug 2014 08:33:27 GMT" time="65.377" errors="0">
  <testcase name="login" time="65.377" classname="com.utils.resuable_functions"/>
</testsuite> <!-- com.utils.resuable_functions -->
