<?xml version="1.0" encoding="UTF-8"?>
<!-- Generated by org.testng.reporters.JUnitReportReporter -->
<testsuite hostname="AdminIT-PC" name="com.testcases.myplex_login_flow_testcase" tests="4" failures="0" timestamp="3 Aug 2014 07:23:15 GMT" time="527.257" errors="0">
  <testcase name="login" time="100.262" classname="com.testcases.myplex_login_flow_testcase"/>
  <testcase name="login" time="70.564" classname="com.testcases.myplex_login_flow_testcase"/>
  <testcase name="login" time="188.739" classname="com.testcases.myplex_login_flow_testcase"/>
  <testcase name="login" time="167.692" classname="com.testcases.myplex_login_flow_testcase"/>
</testsuite> <!-- com.testcases.myplex_login_flow_testcase -->
