<?xml version="1.0" encoding="UTF-8"?>
<!-- Generated by org.testng.reporters.JUnitReportReporter -->
<testsuite hostname="AdminIT-PC" name="com.testcases.cap" tests="1" failures="0" timestamp="4 Aug 2014 17:39:01 GMT" time="8.328" errors="0">
  <testcase name="capabilities" time="8.328" classname="com.testcases.cap"/>
</testsuite> <!-- com.testcases.cap -->
