<?xml version="1.0" encoding="UTF-8"?>
<!-- Generated by org.testng.reporters.JUnitReportReporter -->
<testsuite hostname="AdminIT-PC" name="com.test.trailers.trailers_test" tests="1" failures="0" timestamp="17 Aug 2014 11:28:31 GMT" time="69.769" errors="0">
  <testcase name="share" time="69.769" classname="com.test.trailers.trailers_test"/>
</testsuite> <!-- com.test.trailers.trailers_test -->
