<?xml version="1.0" encoding="UTF-8"?>
<!-- Generated by org.testng.reporters.JUnitReportReporter -->
<testsuite hostname="AdminIT-PC" name="com.test.share.share_test" tests="1" failures="0" timestamp="17 Aug 2014 09:32:58 GMT" time="82.496" errors="0">
  <testcase name="share" time="82.496" classname="com.test.share.share_test"/>
</testsuite> <!-- com.test.share.share_test -->
