<?xml version="1.0" encoding="UTF-8"?>
<!-- Generated by org.testng.reporters.JUnitReportReporter -->
<testsuite hostname="AdminIT-PC" name="com.testcases.search_testcase" tests="2" failures="0" timestamp="16 Aug 2014 16:53:49 GMT" time="65.264" errors="0">
  <testcase name="search" time="36.898" classname="com.testcases.search_testcase"/>
  <testcase name="search" time="28.366" classname="com.testcases.search_testcase"/>
</testsuite> <!-- com.testcases.search_testcase -->
